<?xml version="1.0" encoding="UTF-8"?>
<testng-results ignored="0" total="1" passed="1" failed="0" skipped="0">
  <reporter-output>
    <line>
      <![CDATA[flipkart Method is not failed]]>
    </line>
  </reporter-output>
  <suite started-at="2022-02-09T14:55:19 IST" name="Default suite" finished-at="2022-02-09T14:55:29 IST" duration-ms="9546">
    <groups>
    </groups>
    <test started-at="2022-02-09T14:55:19 IST" name="Default test" finished-at="2022-02-09T14:55:29 IST" duration-ms="9546">
      <class name="qsp.Flipkart">
        <test-method signature="flipkart()[pri:0, instance:qsp.Flipkart@5fa07e12]" started-at="2022-02-09T14:55:19 IST" name="flipkart" finished-at="2022-02-09T14:55:29 IST" duration-ms="9511" status="PASS">
          <reporter-output>
          </reporter-output>
        </test-method> <!-- flipkart -->
        <test-method is-config="true" signature="failedScreenshot(org.testng.ITestResult)[pri:0, instance:qsp.Flipkart@5fa07e12]" started-at="2022-02-09T14:55:29 IST" name="failedScreenshot" finished-at="2022-02-09T14:55:29 IST" duration-ms="8" status="PASS">
          <params>
            <param index="0">
              <value>
                <![CDATA[[TestResult name=flipkart status=SUCCESS method=Flipkart.flipkart()[pri:0, instance:qsp.Flipkart@5fa07e12] output={null}]]]>
              </value>
            </param>
          </params>
          <reporter-output>
            <line>
              <![CDATA[flipkart Method is not failed]]>
            </line>
          </reporter-output>
        </test-method> <!-- failedScreenshot -->
      </class> <!-- qsp.Flipkart -->
    </test> <!-- Default test -->
  </suite> <!-- Default suite -->
</testng-results>
